<?xml version="1.0" encoding="UTF-8" ?>
<testsuite tests="1" failures="0" name="com.udea.concesionario.com.udea.concesionario.controller.AutoControllerTest" time="0" errors="1" skipped="0">
  <properties>
    <property name="java.runtime.name" value="Java(TM) SE Runtime Environment"/>
    <property name="sun.boot.library.path" value="C:\Program Files\Java\jdk1.8.0_221\jre\bin"/>
    <property name="java.vm.version" value="25.221-b11"/>
    <property name="java.vm.vendor" value="Oracle Corporation"/>
    <property name="maven.multiModuleProjectDirectory" value="C:\Users\kaiki\Documents\NetBeansProjects\concesionario"/>
    <property name="java.vendor.url" value="http://java.oracle.com/"/>
    <property name="path.separator" value=";"/>
    <property name="guice.disable.misplaced.annotation.check" value="true"/>
    <property name="java.vm.name" value="Java HotSpot(TM) 64-Bit Server VM"/>
    <property name="file.encoding.pkg" value="sun.io"/>
    <property name="user.script" value=""/>
    <property name="user.country" value="CO"/>
    <property name="sun.java.launcher" value="SUN_STANDARD"/>
    <property name="sun.os.patch.level" value=""/>
    <property name="java.vm.specification.name" value="Java Virtual Machine Specification"/>
    <property name="user.dir" value="C:\Users\kaiki\Documents\NetBeansProjects\concesionario"/>
    <property name="java.runtime.version" value="1.8.0_221-b11"/>
    <property name="java.awt.graphicsenv" value="sun.awt.Win32GraphicsEnvironment"/>
    <property name="java.endorsed.dirs" value="C:\Program Files\Java\jdk1.8.0_221\jre\lib\endorsed"/>
    <property name="os.arch" value="amd64"/>
    <property name="java.io.tmpdir" value="C:\Users\kaiki\AppData\Local\Temp\"/>
    <property name="line.separator" value="
"/>
    <property name="java.vm.specification.vendor" value="Oracle Corporation"/>
    <property name="user.variant" value=""/>
    <property name="os.name" value="Windows 10"/>
    <property name="maven.ext.class.path" value="C:\Users\kaiki\Documents\HERRAMIENTAS\Jeddict_5.4.3_with_NetBeans_IDE_12.1\NetBeans_IDE_12.1\java\maven-nblib\netbeans-eventspy.jar"/>
    <property name="classworlds.conf" value="C:\Users\kaiki\Documents\HERRAMIENTAS\Jeddict_5.4.3_with_NetBeans_IDE_12.1\NetBeans_IDE_12.1\java\maven\bin\..\bin\m2.conf"/>
    <property name="sun.jnu.encoding" value="Cp1252"/>
    <property name="java.library.path" value="C:\Program Files\Java\jdk1.8.0_221\bin;C:\WINDOWS\Sun\Java\bin;C:\WINDOWS\system32;C:\WINDOWS;C:\Python27\;C:\Python27\Scripts;C:\Program Files\AdoptOpenJDK\jdk-11.0.4.11-hotspot\bin;C:\WINDOWS\system32;C:\WINDOWS;C:\WINDOWS\System32\Wbem;C:\WINDOWS\System32\WindowsPowerShell\v1.0\;C:\WINDOWS\System32\OpenSSH\;C:\Program Files\Git\cmd;C:\ProgramData\chocolatey\bin;C:\Program Files\nodejs\;C:\Users\kaiki\AppData\Local\Microsoft\WindowsApps;C:\Users\kaiki\AppData\Local\Programs\Microsoft VS Code\bin;C:\Users\kaiki\AppData\Local\Programs\MiKTeX 2.9\miktex\bin\x64\;C:\Users\kaiki\AppData\Local\Microsoft\WindowsApps;C:\Users\kaiki\AppData\Local\GitHubDesktop\bin;C:\Users\kaiki\AppData\Roaming\npm;."/>
    <property name="maven.conf" value="C:\Users\kaiki\Documents\HERRAMIENTAS\Jeddict_5.4.3_with_NetBeans_IDE_12.1\NetBeans_IDE_12.1\java\maven\bin\../conf"/>
    <property name="java.specification.name" value="Java Platform API Specification"/>
    <property name="java.class.version" value="52.0"/>
    <property name="sun.management.compiler" value="HotSpot 64-Bit Tiered Compilers"/>
    <property name="os.version" value="10.0"/>
    <property name="library.jansi.path" value="C:\Users\kaiki\Documents\HERRAMIENTAS\Jeddict_5.4.3_with_NetBeans_IDE_12.1\NetBeans_IDE_12.1\java\maven\bin\..\lib\jansi-native"/>
    <property name="user.home" value="C:\Users\kaiki"/>
    <property name="user.timezone" value="America/Bogota"/>
    <property name="java.awt.printerjob" value="sun.awt.windows.WPrinterJob"/>
    <property name="java.specification.version" value="1.8"/>
    <property name="file.encoding" value="UTF-8"/>
    <property name="user.name" value="kaiki"/>
    <property name="java.class.path" value="C:\Users\kaiki\Documents\HERRAMIENTAS\Jeddict_5.4.3_with_NetBeans_IDE_12.1\NetBeans_IDE_12.1\java\maven\bin\..\boot\plexus-classworlds-2.6.0.jar"/>
    <property name="java.vm.specification.version" value="1.8"/>
    <property name="sun.arch.data.model" value="64"/>
    <property name="java.home" value="C:\Program Files\Java\jdk1.8.0_221\jre"/>
    <property name="sun.java.command" value="org.codehaus.plexus.classworlds.launcher.Launcher -Dmaven.ext.class.path=C:\Users\kaiki\Documents\HERRAMIENTAS\Jeddict_5.4.3_with_NetBeans_IDE_12.1\NetBeans_IDE_12.1\java\maven-nblib\netbeans-eventspy.jar -Dfile.encoding=UTF-8 install"/>
    <property name="java.specification.vendor" value="Oracle Corporation"/>
    <property name="user.language" value="es"/>
    <property name="awt.toolkit" value="sun.awt.windows.WToolkit"/>
    <property name="java.vm.info" value="mixed mode"/>
    <property name="java.version" value="1.8.0_221"/>
    <property name="java.ext.dirs" value="C:\Program Files\Java\jdk1.8.0_221\jre\lib\ext;C:\WINDOWS\Sun\Java\lib\ext"/>
    <property name="sun.boot.class.path" value="C:\Program Files\Java\jdk1.8.0_221\jre\lib\resources.jar;C:\Program Files\Java\jdk1.8.0_221\jre\lib\rt.jar;C:\Program Files\Java\jdk1.8.0_221\jre\lib\sunrsasign.jar;C:\Program Files\Java\jdk1.8.0_221\jre\lib\jsse.jar;C:\Program Files\Java\jdk1.8.0_221\jre\lib\jce.jar;C:\Program Files\Java\jdk1.8.0_221\jre\lib\charsets.jar;C:\Program Files\Java\jdk1.8.0_221\jre\lib\jfr.jar;C:\Program Files\Java\jdk1.8.0_221\jre\classes"/>
    <property name="java.vendor" value="Oracle Corporation"/>
    <property name="maven.home" value="C:\Users\kaiki\Documents\HERRAMIENTAS\Jeddict_5.4.3_with_NetBeans_IDE_12.1\NetBeans_IDE_12.1\java\maven\bin\.."/>
    <property name="file.separator" value="\"/>
    <property name="java.vendor.url.bug" value="http://bugreport.sun.com/bugreport/"/>
    <property name="sun.cpu.endian" value="little"/>
    <property name="sun.io.unicode.encoding" value="UnicodeLittle"/>
    <property name="sun.desktop" value="windows"/>
    <property name="sun.cpu.isalist" value="amd64"/>
  </properties>
  <testcase classname="com.udea.concesionario.com.udea.concesionario.controller.AutoControllerTest" name="com.udea.concesionario.com.udea.concesionario.controller.AutoControllerTest" time="0">
    <error message="Arquillian initialization has already been attempted, but failed. See previous exceptions for cause" type="java.lang.RuntimeException">java.lang.RuntimeException: Arquillian initialization has already been attempted, but failed. See previous exceptions for cause
	at org.jboss.arquillian.junit.AdaptorManagerWithNotifier.handleSuiteLevelFailure(AdaptorManagerWithNotifier.java:36)
	at org.jboss.arquillian.junit.AdaptorManager.initializeAdaptor(AdaptorManager.java:16)
	at org.jboss.arquillian.junit.AdaptorManagerWithNotifier.initializeAdaptor(AdaptorManagerWithNotifier.java:19)
	at org.jboss.arquillian.junit.Arquillian.run(Arquillian.java:109)
	at org.apache.maven.surefire.junit4.JUnit4Provider.execute(JUnit4Provider.java:252)
	at org.apache.maven.surefire.junit4.JUnit4Provider.executeTestSet(JUnit4Provider.java:141)
	at org.apache.maven.surefire.junit4.JUnit4Provider.invoke(JUnit4Provider.java:112)
	at sun.reflect.NativeMethodAccessorImpl.invoke0(Native Method)
	at sun.reflect.NativeMethodAccessorImpl.invoke(NativeMethodAccessorImpl.java:62)
	at sun.reflect.DelegatingMethodAccessorImpl.invoke(DelegatingMethodAccessorImpl.java:43)
	at java.lang.reflect.Method.invoke(Method.java:498)
	at org.apache.maven.surefire.util.ReflectionUtils.invokeMethodWithArray(ReflectionUtils.java:189)
	at org.apache.maven.surefire.booter.ProviderFactory$ProviderProxy.invoke(ProviderFactory.java:165)
	at org.apache.maven.surefire.booter.ProviderFactory.invokeProvider(ProviderFactory.java:85)
	at org.apache.maven.surefire.booter.ForkedBooter.runSuitesInProcess(ForkedBooter.java:115)
	at org.apache.maven.surefire.booter.ForkedBooter.main(ForkedBooter.java:75)
Caused by: java.lang.RuntimeException: Could not create new instance of class org.jboss.arquillian.test.impl.EventTestRunnerAdaptor
	at org.jboss.arquillian.test.spi.SecurityActions.newInstance(SecurityActions.java:146)
	at org.jboss.arquillian.test.spi.SecurityActions.newInstance(SecurityActions.java:89)
	at org.jboss.arquillian.test.spi.TestRunnerAdaptorBuilder.build(TestRunnerAdaptorBuilder.java:49)
	at org.jboss.arquillian.junit.AdaptorManager.initializeAdaptor(AdaptorManager.java:21)
	... 14 more
Caused by: java.lang.reflect.InvocationTargetException
	at sun.reflect.NativeConstructorAccessorImpl.newInstance0(Native Method)
	at sun.reflect.NativeConstructorAccessorImpl.newInstance(NativeConstructorAccessorImpl.java:62)
	at sun.reflect.DelegatingConstructorAccessorImpl.newInstance(DelegatingConstructorAccessorImpl.java:45)
	at java.lang.reflect.Constructor.newInstance(Constructor.java:423)
	at org.jboss.arquillian.test.spi.SecurityActions.newInstance(SecurityActions.java:144)
	... 17 more
Caused by: java.lang.AbstractMethodError: org.apache.xerces.dom.DocumentImpl.setXmlStandalone(Z)V
	at org.jboss.shrinkwrap.descriptor.spi.node.dom.XmlDomDescriptorExporterImpl.to(XmlDomDescriptorExporterImpl.java:60)
	at org.jboss.shrinkwrap.descriptor.spi.node.NodeDescriptorExporterImpl.to(NodeDescriptorExporterImpl.java:52)
	at org.jboss.shrinkwrap.descriptor.spi.node.NodeDescriptorExporterImpl.to(NodeDescriptorExporterImpl.java:29)
	at org.jboss.shrinkwrap.descriptor.spi.node.dom.XmlDomDescriptorExporter.to(XmlDomDescriptorExporter.java:51)
	at org.jboss.shrinkwrap.descriptor.spi.node.dom.XmlDomDescriptorExporter.to(XmlDomDescriptorExporter.java:33)
	at org.jboss.shrinkwrap.descriptor.spi.node.NodeDescriptorImplBase.exportTo(NodeDescriptorImplBase.java:53)
	at org.jboss.shrinkwrap.descriptor.spi.DescriptorImplBase.exportAsString(DescriptorImplBase.java:82)
	at org.jboss.arquillian.config.impl.extension.SystemPropertiesConfigurationPlaceholderResolver.resolveSystemProperties(SystemPropertiesConfigurationPlaceholderResolver.java:48)
	at org.jboss.arquillian.config.impl.extension.SystemPropertiesConfigurationPlaceholderResolver.resolve(SystemPropertiesConfigurationPlaceholderResolver.java:54)
	at org.jboss.arquillian.config.impl.extension.ConfigurationRegistrar.loadConfiguration(ConfigurationRegistrar.java:69)
	at sun.reflect.NativeMethodAccessorImpl.invoke0(Native Method)
	at sun.reflect.NativeMethodAccessorImpl.invoke(NativeMethodAccessorImpl.java:62)
	at sun.reflect.DelegatingMethodAccessorImpl.invoke(DelegatingMethodAccessorImpl.java:43)
	at java.lang.reflect.Method.invoke(Method.java:498)
	at org.jboss.arquillian.core.impl.ObserverImpl.invoke(ObserverImpl.java:86)
	at org.jboss.arquillian.core.impl.EventContextImpl.invokeObservers(EventContextImpl.java:103)
	at org.jboss.arquillian.core.impl.EventContextImpl.proceed(EventContextImpl.java:90)
	at org.jboss.arquillian.core.impl.ManagerImpl.fire(ManagerImpl.java:133)
	at org.jboss.arquillian.core.impl.ManagerImpl.fire(ManagerImpl.java:105)
	at org.jboss.arquillian.core.impl.ManagerImpl.start(ManagerImpl.java:253)
	at org.jboss.arquillian.test.impl.EventTestRunnerAdaptor.&lt;init&gt;(EventTestRunnerAdaptor.java:61)
	... 22 more
</error>
  </testcase>
</testsuite>